Using pre-set license
Built from '2023.2/release' branch; Version is '2023.2.10f1 (316c1fd686f6) revision 3238943'; Using compiler version '193431935'; Build Type 'Release'
OS: 'Windows 11  (10.0.22621) 64bit CoreSingleLanguage' Language: 'en' Physical Memory: 16106 MB
BatchMode: 1, IsHumanControllingUs: 0, StartBugReporterOnCrash: 0, Is64bit: 1, IsPro: 1

COMMAND LINE ARGUMENTS:
D:\App\2023.2.10f1\Editor\Unity.exe
-adb2
-batchMode
-noUpm
-name
AssetImportWorker1
-projectPath
C:/Learn/UnityLearn/My project
-logFile
Logs/AssetImportWorker1.log
-srvPort
51697
-job-worker-count
3
-background-job-worker-count
8
-asset-garbage-collectors
1
Successfully changed project path to: C:/Learn/UnityLearn/My project
C:/Learn/UnityLearn/My project
[UnityMemory] Configuration Parameters - Can be set up in boot.config
    "memorysetup-bucket-allocator-granularity=16"
    "memorysetup-bucket-allocator-bucket-count=8"
    "memorysetup-bucket-allocator-block-size=33554432"
    "memorysetup-bucket-allocator-block-count=8"
    "memorysetup-main-allocator-block-size=16777216"
    "memorysetup-thread-allocator-block-size=16777216"
    "memorysetup-gfx-main-allocator-block-size=16777216"
    "memorysetup-gfx-thread-allocator-block-size=16777216"
    "memorysetup-cache-allocator-block-size=4194304"
    "memorysetup-typetree-allocator-block-size=2097152"
    "memorysetup-profiler-bucket-allocator-granularity=16"
    "memorysetup-profiler-bucket-allocator-bucket-count=8"
    "memorysetup-profiler-bucket-allocator-block-size=33554432"
    "memorysetup-profiler-bucket-allocator-block-count=8"
    "memorysetup-profiler-allocator-block-size=16777216"
    "memorysetup-profiler-editor-allocator-block-size=1048576"
    "memorysetup-temp-allocator-size-main=16777216"
    "memorysetup-job-temp-allocator-block-size=2097152"
    "memorysetup-job-temp-allocator-block-size-background=1048576"
    "memorysetup-job-temp-allocator-reduction-small-platforms=262144"
    "memorysetup-allocator-temp-initial-block-size-main=262144"
    "memorysetup-allocator-temp-initial-block-size-worker=262144"
    "memorysetup-temp-allocator-size-background-worker=32768"
    "memorysetup-temp-allocator-size-job-worker=262144"
    "memorysetup-temp-allocator-size-preload-manager=33554432"
    "memorysetup-temp-allocator-size-nav-mesh-worker=65536"
    "memorysetup-temp-allocator-size-audio-worker=65536"
    "memorysetup-temp-allocator-size-cloud-worker=32768"
    "memorysetup-temp-allocator-size-gi-baking-worker=262144"
    "memorysetup-temp-allocator-size-gi-baking-worker=262144"
    "memorysetup-temp-allocator-size-gi-baking-worker=262144"
    "memorysetup-temp-allocator-size-gi-baking-worker=262144"
    "memorysetup-temp-allocator-size-gfx=262144"
Player connection [13492] Host "[IP] 192.168.25.5 [Port] 0 [Flags] 2 [Guid] 3069096742 [EditorId] 3069096742 [Version] 1048832 [Id] WindowsEditor(7,DESKTOP-KIU34EQ) [Debug] 1 [PackageName] WindowsEditor [ProjectName] Editor" joined multi-casting on [225.0.0.222:54997]...
Player connection [13492] Host "[IP] 192.168.25.5 [Port] 0 [Flags] 2 [Guid] 3069096742 [EditorId] 3069096742 [Version] 1048832 [Id] WindowsEditor(7,DESKTOP-KIU34EQ) [Debug] 1 [PackageName] WindowsEditor [ProjectName] Editor" joined alternative multi-casting on [225.0.0.222:34997]...
JobSystem: Creating JobQueue using job-worker-count value 3
[Physics::Module] Initialized MultithreadedJobDispatcher with 3 workers.
Library Redirect Path: Library/
Refreshing native plugins compatible for Editor in 6.80 ms, found 3 plugins.
Preloading 0 native plugins for Editor in 0.00 ms.
Initialize engine version: 2023.2.10f1 (316c1fd686f6)
[Subsystems] Discovering subsystems at path D:/App/2023.2.10f1/Editor/Data/Resources/UnitySubsystems
[Subsystems] Discovering subsystems at path C:/Learn/UnityLearn/My project/Assets
GfxDevice: creating device client; kGfxThreadingModeNonThreaded
Direct3D:
    Version:  Direct3D 11.0 [level 11.1]
    Renderer: Intel(R) Iris(R) Xe Graphics (ID=0x9a49)
    Vendor:   Intel
    VRAM:     8053 MB
    Driver:   31.0.101.5333
Initialize mono
Mono path[0] = 'D:/App/2023.2.10f1/Editor/Data/Managed'
Mono path[1] = 'D:/App/2023.2.10f1/Editor/Data/MonoBleedingEdge/lib/mono/unityjit-win32'
Mono config path = 'D:/App/2023.2.10f1/Editor/Data/MonoBleedingEdge/etc'
Using monoOptions --debugger-agent=transport=dt_socket,embedding=1,server=y,suspend=n,address=127.0.0.1:56524
Begin MonoManager ReloadAssembly
C:\build\output\Unity-Technologies\mono\mono\metadata\icall.c:1842:
C:\build\output\Unity-Technologies\mono\mono\metadata\icall.c:1842:
C:\build\output\Unity-Technologies\mono\mono\metadata\icall.c:1842:
C:\build\output\Unity-Technologies\mono\mono\metadata\icall.c:1842:
C:\build\output\Unity-Technologies\mono\mono\metadata\icall.c:1842:
C:\build\output\Unity-Technologies\mono\mono\metadata\icall.c:1842:
C:\build\output\Unity-Technologies\mono\mono\metadata\icall.c:1842:
C:\build\output\Unity-Technologies\mono\mono\metadata\icall.c:1842:
C:\build\output\Unity-Technologies\mono\mono\metadata\icall.c:1842:
C:\build\output\Unity-Technologies\mono\mono\metadata\icall.c:1842:
Registering precompiled unity dll's ...
Register platform support module: D:/App/2023.2.10f1/Editor/Data/PlaybackEngines/WebGLSupport/UnityEditor.WebGL.Extensions.dll
Register platform support module: D:/App/2023.2.10f1/Editor/Data/PlaybackEngines/WindowsStandaloneSupport/UnityEditor.WindowsStandalone.Extensions.dll
Register platform support module: D:/App/2023.2.10f1/Editor/Data/PlaybackEngines/AndroidPlayer/UnityEditor.Android.Extensions.dll
Registered in 0.044411 seconds.
- Loaded All Assemblies, in  2.192 seconds
Native extension for Android target not found
Android Extension - Scanning For ADB Devices 383 ms
Native extension for WindowsStandalone target not found
Native extension for WebGL target not found
Mono: successfully reloaded assembly
C:\build\output\Unity-Technologies\mono\mono\metadata\icall.c:1842:
C:\build\output\Unity-Technologies\mono\mono\metadata\icall.c:1842:
- Finished resetting the current domain, in  1.010 seconds
Domain Reload Profiling: 3202ms
	BeginReloadAssembly (1521ms)
		ExecutionOrderSort (0ms)
		DisableScriptedObjects (0ms)
		BackupInstance (0ms)
		ReleaseScriptingObjects (0ms)
		CreateAndSetChildDomain (1ms)
	RebuildCommonClasses (131ms)
	RebuildNativeTypeToScriptingClass (27ms)
	initialDomainReloadingComplete (117ms)
	LoadAllAssembliesAndSetupDomain (396ms)
		LoadAssemblies (1522ms)
		RebuildTransferFunctionScriptingTraits (0ms)
		AnalyzeDomain (392ms)
			TypeCache.Refresh (390ms)
				TypeCache.ScanAssembly (345ms)
			BuildScriptInfoCaches (0ms)
			ResolveRequiredComponents (0ms)
	FinalizeReload (1010ms)
		ReleaseScriptCaches (0ms)
		RebuildScriptCaches (0ms)
		SetupLoadedEditorAssemblies (924ms)
			LogAssemblyErrors (0ms)
			InitializePlatformSupportModulesInManaged (557ms)
			SetLoadedEditorAssemblies (4ms)
			BeforeProcessingInitializeOnLoad (12ms)
			ProcessInitializeOnLoadAttributes (274ms)
			ProcessInitializeOnLoadMethodAttributes (78ms)
			AfterProcessingInitializeOnLoad (0ms)
			EditorAssembliesLoaded (0ms)
		ExecutionOrderSort2 (0ms)
		AwakeInstancesAfterBackupRestoration (0ms)
========================================================================
Worker process is ready to serve import requests
Import Worker Mode flag is 0x00
Begin MonoManager ReloadAssembly
C:\build\output\Unity-Technologies\mono\mono\metadata\icall.c:1842:
C:\build\output\Unity-Technologies\mono\mono\metadata\icall.c:1842:
C:\build\output\Unity-Technologies\mono\mono\metadata\icall.c:1842:
C:\build\output\Unity-Technologies\mono\mono\metadata\icall.c:1842:
C:\build\output\Unity-Technologies\mono\mono\metadata\icall.c:1842:
C:\build\output\Unity-Technologies\mono\mono\metadata\icall.c:1842:
C:\build\output\Unity-Technologies\mono\mono\metadata\icall.c:1842:
C:\build\output\Unity-Technologies\mono\mono\metadata\icall.c:1842:
C:\build\output\Unity-Technologies\mono\mono\metadata\icall.c:1842:
C:\build\output\Unity-Technologies\mono\mono\metadata\icall.c:1842:
C:\build\output\Unity-Technologies\mono\mono\metadata\icall.c:1842:
C:\build\output\Unity-Technologies\mono\mono\metadata\icall.c:1842:
Symbol file LoadedFromMemory doesn't match image C:\Learn\UnityLearn\My project\Library\PackageCache\com.unity.visualscripting@1.8.0\Editor\VisualScripting.Core\Dependencies\YamlDotNet\Unity.VisualScripting.YamlDotNet.dll
Symbol file LoadedFromMemory doesn't match image C:\Learn\UnityLearn\My project\Library\PackageCache\com.unity.visualscripting@1.8.0\Editor\VisualScripting.Core\Dependencies\DotNetZip\Unity.VisualScripting.IonicZip.dll
- Loaded All Assemblies, in  6.065 seconds
Refreshing native plugins compatible for Editor in 1.13 ms, found 3 plugins.
Native extension for Android target not found
Native extension for WindowsStandalone target not found
Native extension for WebGL target not found
Mono: successfully reloaded assembly
- Finished resetting the current domain, in  1.986 seconds
Domain Reload Profiling: 8049ms
	BeginReloadAssembly (2017ms)
		ExecutionOrderSort (0ms)
		DisableScriptedObjects (8ms)
		BackupInstance (0ms)
		ReleaseScriptingObjects (0ms)
		CreateAndSetChildDomain (52ms)
	RebuildCommonClasses (67ms)
	RebuildNativeTypeToScriptingClass (29ms)
	initialDomainReloadingComplete (77ms)
	LoadAllAssembliesAndSetupDomain (3872ms)
		LoadAssemblies (3453ms)
		RebuildTransferFunctionScriptingTraits (0ms)
		AnalyzeDomain (599ms)
			TypeCache.Refresh (507ms)
				TypeCache.ScanAssembly (437ms)
			BuildScriptInfoCaches (64ms)
			ResolveRequiredComponents (23ms)
	FinalizeReload (1987ms)
		ReleaseScriptCaches (0ms)
		RebuildScriptCaches (0ms)
		SetupLoadedEditorAssemblies (1152ms)
			LogAssemblyErrors (0ms)
			InitializePlatformSupportModulesInManaged (24ms)
			SetLoadedEditorAssemblies (4ms)
			BeforeProcessingInitializeOnLoad (94ms)
			ProcessInitializeOnLoadAttributes (968ms)
			ProcessInitializeOnLoadMethodAttributes (59ms)
			AfterProcessingInitializeOnLoad (2ms)
			EditorAssembliesLoaded (0ms)
		ExecutionOrderSort2 (0ms)
		AwakeInstancesAfterBackupRestoration (10ms)
Launched and connected shader compiler UnityShaderCompiler.exe after 0.13 seconds
Refreshing native plugins compatible for Editor in 2.36 ms, found 3 plugins.
Preloading 0 native plugins for Editor in 0.00 ms.
Unloading 172 Unused Serialized files (Serialized files now loaded: 0)
Unloading 5815 unused Assets / (7.1 MB). Loaded Objects now: 6470.
Memory consumption went from 183.0 MB to 175.9 MB.
Total: 21.415100 ms (FindLiveObjects: 1.063300 ms CreateObjectMapping: 1.542200 ms MarkObjects: 8.920700 ms  DeleteObjects: 9.886400 ms)

========================================================================
Received Import Request.
  Time since last request: 9763.889488 seconds.
  path: Assets/Ducvu/Level Scream Chicken/Image/frame_outside.asset
  artifactKey: Guid(c227339398210d24994cdeb57d5cc222) Importer(815301076,1909f56bfc062723c751e8b465ee728b)
Start importing Assets/Ducvu/Level Scream Chicken/Image/frame_outside.asset using Guid(c227339398210d24994cdeb57d5cc222) Importer(815301076,1909f56bfc062723c751e8b465ee728b) (PreviewImporter) -> (artifact id: '6d9b97ac40cb89aa1e5cda72f42643a9') in 0.6171233 seconds
Number of updated asset objects reloaded before import = 0Number of asset objects unloaded after import = 2

========================================================================
Received Import Request.
  Time since last request: 0.000064 seconds.
  path: Assets/Ducvu/Level Scream Chicken/Image/icon_tap.asset
  artifactKey: Guid(59a3a93564e1f5c42a2001c2de9773de) Importer(815301076,1909f56bfc062723c751e8b465ee728b)
Start importing Assets/Ducvu/Level Scream Chicken/Image/icon_tap.asset using Guid(59a3a93564e1f5c42a2001c2de9773de) Importer(815301076,1909f56bfc062723c751e8b465ee728b) (PreviewImporter) -> (artifact id: 'e4ddb0dbf682809f49a3e0f5df0a450d') in 0.0238566 seconds
Number of updated asset objects reloaded before import = 0Number of asset objects unloaded after import = 2

========================================================================
Received Import Request.
  Time since last request: 0.000033 seconds.
  path: Assets/Ducvu/Level Scream Chicken/Image
  artifactKey: Guid(03351abc7b3d12e45866eec967ee8e60) Importer(815301076,1909f56bfc062723c751e8b465ee728b)
Start importing Assets/Ducvu/Level Scream Chicken/Image using Guid(03351abc7b3d12e45866eec967ee8e60) Importer(815301076,1909f56bfc062723c751e8b465ee728b) (PreviewImporter) -> (artifact id: '5e1213886e35323f89b6b2ddf4f0de08') in 0.0009808 seconds
Number of updated asset objects reloaded before import = 0Number of asset objects unloaded after import = 0

========================================================================
Received Import Request.
  Time since last request: 0.000091 seconds.
  path: Assets/Ducvu/Level Scream Chicken/Image/cat_open.asset
  artifactKey: Guid(3b1b651cb4d620c4f983bebab3bc7ac6) Importer(815301076,1909f56bfc062723c751e8b465ee728b)
Start importing Assets/Ducvu/Level Scream Chicken/Image/cat_open.asset using Guid(3b1b651cb4d620c4f983bebab3bc7ac6) Importer(815301076,1909f56bfc062723c751e8b465ee728b) (PreviewImporter) -> (artifact id: '5653354ff51ef5c74d2a606ee69beda5') in 0.0209729 seconds
Number of updated asset objects reloaded before import = 0Number of asset objects unloaded after import = 2

========================================================================
Received Import Request.
  Time since last request: 0.000033 seconds.
  path: Assets/Ducvu/Level Scream Chicken/Image/btn_back.asset
  artifactKey: Guid(acee02d87a8c6304584a5bc1027721c4) Importer(815301076,1909f56bfc062723c751e8b465ee728b)
Start importing Assets/Ducvu/Level Scream Chicken/Image/btn_back.asset using Guid(acee02d87a8c6304584a5bc1027721c4) Importer(815301076,1909f56bfc062723c751e8b465ee728b) (PreviewImporter) -> (artifact id: '989fe188770cf13f6d12998af60c1cbf') in 0.023891 seconds
Number of updated asset objects reloaded before import = 0Number of asset objects unloaded after import = 2

========================================================================
Received Import Request.
  Time since last request: 0.000029 seconds.
  path: Assets/Ducvu/Level Scream Chicken/Image/Layer_3.asset
  artifactKey: Guid(df0737414b859ba4c8695a95fde6b97b) Importer(815301076,1909f56bfc062723c751e8b465ee728b)
Start importing Assets/Ducvu/Level Scream Chicken/Image/Layer_3.asset using Guid(df0737414b859ba4c8695a95fde6b97b) Importer(815301076,1909f56bfc062723c751e8b465ee728b) (PreviewImporter) -> (artifact id: '1a5ff4131d85f6182f684a70ff50bc38') in 0.0213975 seconds
Number of updated asset objects reloaded before import = 0Number of asset objects unloaded after import = 2

========================================================================
Received Import Request.
  Time since last request: 0.000036 seconds.
  path: Assets/Ducvu/Level Scream Chicken/Image/btn_setting.asset
  artifactKey: Guid(cb5267c63db15794c816c20a047ed931) Importer(815301076,1909f56bfc062723c751e8b465ee728b)
Start importing Assets/Ducvu/Level Scream Chicken/Image/btn_setting.asset using Guid(cb5267c63db15794c816c20a047ed931) Importer(815301076,1909f56bfc062723c751e8b465ee728b) (PreviewImporter) -> (artifact id: 'c44e55cb96875fe8655d3a286fb74c42') in 0.0207135 seconds
Number of updated asset objects reloaded before import = 0Number of asset objects unloaded after import = 2

========================================================================
Received Import Request.
  Time since last request: 0.000031 seconds.
  path: Assets/Ducvu
  artifactKey: Guid(d349228dc67ef684ba5b7e83a6fe9c0f) Importer(815301076,1909f56bfc062723c751e8b465ee728b)
Start importing Assets/Ducvu using Guid(d349228dc67ef684ba5b7e83a6fe9c0f) Importer(815301076,1909f56bfc062723c751e8b465ee728b) (PreviewImporter) -> (artifact id: '03048966843fc8cddcabad05dd60accc') in 0.0011401 seconds
Number of updated asset objects reloaded before import = 0Number of asset objects unloaded after import = 0

========================================================================
Received Import Request.
  Time since last request: 0.000103 seconds.
  path: Assets/Ducvu/Level Scream Chicken/Image/cloud_1.asset
  artifactKey: Guid(d9d754ed6b9272f4cad313fd8408f7df) Importer(815301076,1909f56bfc062723c751e8b465ee728b)
Start importing Assets/Ducvu/Level Scream Chicken/Image/cloud_1.asset using Guid(d9d754ed6b9272f4cad313fd8408f7df) Importer(815301076,1909f56bfc062723c751e8b465ee728b) (PreviewImporter) -> (artifact id: 'b46c308e352c3c509624bdb39482255d') in 0.0221656 seconds
Number of updated asset objects reloaded before import = 0Number of asset objects unloaded after import = 2

========================================================================
Received Import Request.
  Time since last request: 0.000041 seconds.
  path: Assets/Ducvu/Level Scream Chicken/Image/flag_pole.asset
  artifactKey: Guid(dd1da393ed46eea4c8b1df0ec16999e5) Importer(815301076,1909f56bfc062723c751e8b465ee728b)
Start importing Assets/Ducvu/Level Scream Chicken/Image/flag_pole.asset using Guid(dd1da393ed46eea4c8b1df0ec16999e5) Importer(815301076,1909f56bfc062723c751e8b465ee728b) (PreviewImporter) -> (artifact id: '48db00b23c618f13fd37685510ebaa99') in 0.0210834 seconds
Number of updated asset objects reloaded before import = 0Number of asset objects unloaded after import = 2

========================================================================
Received Import Request.
  Time since last request: 0.000030 seconds.
  path: Assets/Ducvu/Level Scream Chicken/Image/cloud_3.asset
  artifactKey: Guid(b3483ef837bb0d84499029e1a49c1768) Importer(815301076,1909f56bfc062723c751e8b465ee728b)
Start importing Assets/Ducvu/Level Scream Chicken/Image/cloud_3.asset using Guid(b3483ef837bb0d84499029e1a49c1768) Importer(815301076,1909f56bfc062723c751e8b465ee728b) (PreviewImporter) -> (artifact id: '4d1c97141ae42ee3efcc4793d48aa839') in 0.0209153 seconds
Number of updated asset objects reloaded before import = 0Number of asset objects unloaded after import = 2

========================================================================
Received Import Request.
  Time since last request: 0.000028 seconds.
  path: Assets/Ducvu/Level Scream Chicken/Image/icon_video.asset
  artifactKey: Guid(73a4b61b265e22d4399840bceaa6affe) Importer(815301076,1909f56bfc062723c751e8b465ee728b)
Start importing Assets/Ducvu/Level Scream Chicken/Image/icon_video.asset using Guid(73a4b61b265e22d4399840bceaa6affe) Importer(815301076,1909f56bfc062723c751e8b465ee728b) (PreviewImporter) -> (artifact id: '7469024af9a193e9369505da066ce1fc') in 0.0217092 seconds
Number of updated asset objects reloaded before import = 0Number of asset objects unloaded after import = 2

========================================================================
Received Import Request.
  Time since last request: 0.000026 seconds.
  path: Assets/Ducvu/Level Scream Chicken/Image/bg.asset
  artifactKey: Guid(b91c733d0499dba439f5b0a13cf2f353) Importer(815301076,1909f56bfc062723c751e8b465ee728b)
Start importing Assets/Ducvu/Level Scream Chicken/Image/bg.asset using Guid(b91c733d0499dba439f5b0a13cf2f353) Importer(815301076,1909f56bfc062723c751e8b465ee728b) (PreviewImporter) -> (artifact id: 'ba97a3f9f50b0ac34cdd856277aaaa0c') in 0.0236394 seconds
Number of updated asset objects reloaded before import = 0Number of asset objects unloaded after import = 2

========================================================================
Received Import Request.
  Time since last request: 0.000028 seconds.
  path: Assets/Ducvu/Level Scream Chicken/Image/btn_green.asset
  artifactKey: Guid(e034904a124abec4d915a53bec981f3e) Importer(815301076,1909f56bfc062723c751e8b465ee728b)
Start importing Assets/Ducvu/Level Scream Chicken/Image/btn_green.asset using Guid(e034904a124abec4d915a53bec981f3e) Importer(815301076,1909f56bfc062723c751e8b465ee728b) (PreviewImporter) -> (artifact id: 'eb2a99d566274d836b947dec7261251b') in 0.0211705 seconds
Number of updated asset objects reloaded before import = 0Number of asset objects unloaded after import = 2

========================================================================
Received Import Request.
  Time since last request: 0.000032 seconds.
  path: Assets/Ducvu/Level Scream Chicken/Image/mushroom_med.asset
  artifactKey: Guid(ee88de9cb260a78469f79a4c286aaff6) Importer(815301076,1909f56bfc062723c751e8b465ee728b)
Start importing Assets/Ducvu/Level Scream Chicken/Image/mushroom_med.asset using Guid(ee88de9cb260a78469f79a4c286aaff6) Importer(815301076,1909f56bfc062723c751e8b465ee728b) (PreviewImporter) -> (artifact id: 'a1b3ca8fd8480728358c4b1bef707c98') in 0.0192198 seconds
Number of updated asset objects reloaded before import = 0Number of asset objects unloaded after import = 2

========================================================================
Received Import Request.
  Time since last request: 0.000048 seconds.
  path: Assets/Ducvu/Level Scream Chicken/Image/icon_video.png
  artifactKey: Guid(40bf44d1749a25646b07491fa3eb7e2c) Importer(815301076,1909f56bfc062723c751e8b465ee728b)
Start importing Assets/Ducvu/Level Scream Chicken/Image/icon_video.png using Guid(40bf44d1749a25646b07491fa3eb7e2c) Importer(815301076,1909f56bfc062723c751e8b465ee728b) (PreviewImporter) -> (artifact id: 'fac7a8448615220b69796b443d9a1b0b') in 0.3879164 seconds
Number of updated asset objects reloaded before import = 0Number of asset objects unloaded after import = 3

========================================================================
Received Import Request.
  Time since last request: 0.000031 seconds.
  path: Assets/Ducvu/Level Scream Chicken/Image/bridge.asset
  artifactKey: Guid(e5ac81f25cf66de4ca163ff6c15b1e3f) Importer(815301076,1909f56bfc062723c751e8b465ee728b)
Start importing Assets/Ducvu/Level Scream Chicken/Image/bridge.asset using Guid(e5ac81f25cf66de4ca163ff6c15b1e3f) Importer(815301076,1909f56bfc062723c751e8b465ee728b) (PreviewImporter) -> (artifact id: '88da8bb30abcf1dbced8ea497dc78282') in 0.0556176 seconds
Number of updated asset objects reloaded before import = 0Number of asset objects unloaded after import = 2

========================================================================
Received Import Request.
  Time since last request: 0.000052 seconds.
  path: Assets/Ducvu/Level Scream Chicken/Image/btn_pink.asset
  artifactKey: Guid(cc0b421b2270b0548ac07c2192887d31) Importer(815301076,1909f56bfc062723c751e8b465ee728b)
Start importing Assets/Ducvu/Level Scream Chicken/Image/btn_pink.asset using Guid(cc0b421b2270b0548ac07c2192887d31) Importer(815301076,1909f56bfc062723c751e8b465ee728b) (PreviewImporter) -> (artifact id: 'b4517bdfcb91efbd49b642ae65578e78') in 0.0380272 seconds
Number of updated asset objects reloaded before import = 0Number of asset objects unloaded after import = 2

========================================================================
Received Import Request.
  Time since last request: 0.000026 seconds.
  path: Assets/Ducvu/Level Scream Chicken/Image/cloud_2.asset
  artifactKey: Guid(fd251baa02898f54d9bebe0cc11be0ae) Importer(815301076,1909f56bfc062723c751e8b465ee728b)
Start importing Assets/Ducvu/Level Scream Chicken/Image/cloud_2.asset using Guid(fd251baa02898f54d9bebe0cc11be0ae) Importer(815301076,1909f56bfc062723c751e8b465ee728b) (PreviewImporter) -> (artifact id: 'ad77c6d74e15065abf8126613064e375') in 0.0315496 seconds
Number of updated asset objects reloaded before import = 0Number of asset objects unloaded after import = 2

========================================================================
Received Import Request.
  Time since last request: 0.000037 seconds.
  path: Assets/Ducvu/Level Scream Chicken/Image/heart.asset
  artifactKey: Guid(4771e28a987db284a932b5b090f382b7) Importer(815301076,1909f56bfc062723c751e8b465ee728b)
Start importing Assets/Ducvu/Level Scream Chicken/Image/heart.asset using Guid(4771e28a987db284a932b5b090f382b7) Importer(815301076,1909f56bfc062723c751e8b465ee728b) (PreviewImporter) -> (artifact id: '710a8949306a2ac79d7395853656c0fb') in 0.0216293 seconds
Number of updated asset objects reloaded before import = 0Number of asset objects unloaded after import = 2

========================================================================
Received Import Request.
  Time since last request: 1.281234 seconds.
  path: Assets/Ducvu/Level Scream Chicken/Image/Play.asset
  artifactKey: Guid(78a5a2b1c71aed94288afdd1ee79b995) Importer(815301076,1909f56bfc062723c751e8b465ee728b)
Start importing Assets/Ducvu/Level Scream Chicken/Image/Play.asset using Guid(78a5a2b1c71aed94288afdd1ee79b995) Importer(815301076,1909f56bfc062723c751e8b465ee728b) (PreviewImporter) -> (artifact id: '5264a3df747712770aa2994d9827441c') in 0.0185886 seconds
Number of updated asset objects reloaded before import = 0Number of asset objects unloaded after import = 2

========================================================================
Received Import Request.
  Time since last request: 0.000029 seconds.
  path: Assets/Ducvu/Level Scream Chicken/Image/txt_choose_0.asset
  artifactKey: Guid(c5ebf97fc4260434bb275dfcf07700f7) Importer(815301076,1909f56bfc062723c751e8b465ee728b)
Start importing Assets/Ducvu/Level Scream Chicken/Image/txt_choose_0.asset using Guid(c5ebf97fc4260434bb275dfcf07700f7) Importer(815301076,1909f56bfc062723c751e8b465ee728b) (PreviewImporter) -> (artifact id: 'fb8f3328f7b628554d08e9ca3ed24853') in 0.019488 seconds
Number of updated asset objects reloaded before import = 0Number of asset objects unloaded after import = 2

========================================================================
Received Import Request.
  Time since last request: 0.311263 seconds.
  path: Assets/Ducvu/Level Scream Chicken/Image/txt_complete.asset
  artifactKey: Guid(34116fc4de282c545bdf21aa74f47f04) Importer(815301076,1909f56bfc062723c751e8b465ee728b)
Start importing Assets/Ducvu/Level Scream Chicken/Image/txt_complete.asset using Guid(34116fc4de282c545bdf21aa74f47f04) Importer(815301076,1909f56bfc062723c751e8b465ee728b) (PreviewImporter) -> (artifact id: '69bdde5cbce2b0f7fa7f9b48476f68f6') in 0.0163219 seconds
Number of updated asset objects reloaded before import = 0Number of asset objects unloaded after import = 2

========================================================================
Received Import Request.
  Time since last request: 0.000032 seconds.
  path: Assets/Ducvu/Level Scream Chicken/Image/water_1.asset
  artifactKey: Guid(5cdd05baaef189a489b1234374910bc5) Importer(815301076,1909f56bfc062723c751e8b465ee728b)
Start importing Assets/Ducvu/Level Scream Chicken/Image/water_1.asset using Guid(5cdd05baaef189a489b1234374910bc5) Importer(815301076,1909f56bfc062723c751e8b465ee728b) (PreviewImporter) -> (artifact id: 'f2e2cd0f9b95eedef6355166af751577') in 0.0131992 seconds
Number of updated asset objects reloaded before import = 0Number of asset objects unloaded after import = 2

