Using pre-set license
Built from '2023.2/release' branch; Version is '2023.2.10f1 (316c1fd686f6) revision 3238943'; Using compiler version '193431935'; Build Type 'Release'
OS: 'Windows 11  (10.0.22621) 64bit CoreSingleLanguage' Language: 'en' Physical Memory: 16106 MB
BatchMode: 1, IsHumanControllingUs: 0, StartBugReporterOnCrash: 0, Is64bit: 1, IsPro: 1

COMMAND LINE ARGUMENTS:
D:\App\2023.2.10f1\Editor\Unity.exe
-adb2
-batchMode
-noUpm
-name
AssetImportWorker0
-projectPath
C:/Learn/UnityLearn/My project
-logFile
Logs/AssetImportWorker0.log
-srvPort
51697
-job-worker-count
3
-background-job-worker-count
8
-asset-garbage-collectors
1
Successfully changed project path to: C:/Learn/UnityLearn/My project
C:/Learn/UnityLearn/My project
[UnityMemory] Configuration Parameters - Can be set up in boot.config
    "memorysetup-bucket-allocator-granularity=16"
    "memorysetup-bucket-allocator-bucket-count=8"
    "memorysetup-bucket-allocator-block-size=33554432"
    "memorysetup-bucket-allocator-block-count=8"
    "memorysetup-main-allocator-block-size=16777216"
    "memorysetup-thread-allocator-block-size=16777216"
    "memorysetup-gfx-main-allocator-block-size=16777216"
    "memorysetup-gfx-thread-allocator-block-size=16777216"
    "memorysetup-cache-allocator-block-size=4194304"
    "memorysetup-typetree-allocator-block-size=2097152"
    "memorysetup-profiler-bucket-allocator-granularity=16"
    "memorysetup-profiler-bucket-allocator-bucket-count=8"
    "memorysetup-profiler-bucket-allocator-block-size=33554432"
    "memorysetup-profiler-bucket-allocator-block-count=8"
    "memorysetup-profiler-allocator-block-size=16777216"
    "memorysetup-profiler-editor-allocator-block-size=1048576"
    "memorysetup-temp-allocator-size-main=16777216"
    "memorysetup-job-temp-allocator-block-size=2097152"
    "memorysetup-job-temp-allocator-block-size-background=1048576"
    "memorysetup-job-temp-allocator-reduction-small-platforms=262144"
    "memorysetup-allocator-temp-initial-block-size-main=262144"
    "memorysetup-allocator-temp-initial-block-size-worker=262144"
    "memorysetup-temp-allocator-size-background-worker=32768"
    "memorysetup-temp-allocator-size-job-worker=262144"
    "memorysetup-temp-allocator-size-preload-manager=33554432"
    "memorysetup-temp-allocator-size-nav-mesh-worker=65536"
    "memorysetup-temp-allocator-size-audio-worker=65536"
    "memorysetup-temp-allocator-size-cloud-worker=32768"
    "memorysetup-temp-allocator-size-gi-baking-worker=262144"
    "memorysetup-temp-allocator-size-gi-baking-worker=262144"
    "memorysetup-temp-allocator-size-gi-baking-worker=262144"
    "memorysetup-temp-allocator-size-gi-baking-worker=262144"
    "memorysetup-temp-allocator-size-gfx=262144"
Player connection [17652] Host "[IP] 192.168.25.5 [Port] 0 [Flags] 2 [Guid] 2318114870 [EditorId] 2318114870 [Version] 1048832 [Id] WindowsEditor(7,DESKTOP-KIU34EQ) [Debug] 1 [PackageName] WindowsEditor [ProjectName] Editor" joined multi-casting on [225.0.0.222:54997]...
Player connection [17652] Host "[IP] 192.168.25.5 [Port] 0 [Flags] 2 [Guid] 2318114870 [EditorId] 2318114870 [Version] 1048832 [Id] WindowsEditor(7,DESKTOP-KIU34EQ) [Debug] 1 [PackageName] WindowsEditor [ProjectName] Editor" joined alternative multi-casting on [225.0.0.222:34997]...
JobSystem: Creating JobQueue using job-worker-count value 3
[Physics::Module] Initialized MultithreadedJobDispatcher with 3 workers.
Library Redirect Path: Library/
Refreshing native plugins compatible for Editor in 6.78 ms, found 3 plugins.
Preloading 0 native plugins for Editor in 0.00 ms.
Initialize engine version: 2023.2.10f1 (316c1fd686f6)
[Subsystems] Discovering subsystems at path D:/App/2023.2.10f1/Editor/Data/Resources/UnitySubsystems
[Subsystems] Discovering subsystems at path C:/Learn/UnityLearn/My project/Assets
GfxDevice: creating device client; kGfxThreadingModeNonThreaded
Direct3D:
    Version:  Direct3D 11.0 [level 11.1]
    Renderer: Intel(R) Iris(R) Xe Graphics (ID=0x9a49)
    Vendor:   Intel
    VRAM:     8053 MB
    Driver:   31.0.101.5333
Initialize mono
Mono path[0] = 'D:/App/2023.2.10f1/Editor/Data/Managed'
Mono path[1] = 'D:/App/2023.2.10f1/Editor/Data/MonoBleedingEdge/lib/mono/unityjit-win32'
Mono config path = 'D:/App/2023.2.10f1/Editor/Data/MonoBleedingEdge/etc'
Using monoOptions --debugger-agent=transport=dt_socket,embedding=1,server=y,suspend=n,address=127.0.0.1:56284
Begin MonoManager ReloadAssembly
C:\build\output\Unity-Technologies\mono\mono\metadata\icall.c:1842:
C:\build\output\Unity-Technologies\mono\mono\metadata\icall.c:1842:
C:\build\output\Unity-Technologies\mono\mono\metadata\icall.c:1842:
C:\build\output\Unity-Technologies\mono\mono\metadata\icall.c:1842:
C:\build\output\Unity-Technologies\mono\mono\metadata\icall.c:1842:
C:\build\output\Unity-Technologies\mono\mono\metadata\icall.c:1842:
C:\build\output\Unity-Technologies\mono\mono\metadata\icall.c:1842:
C:\build\output\Unity-Technologies\mono\mono\metadata\icall.c:1842:
C:\build\output\Unity-Technologies\mono\mono\metadata\icall.c:1842:
C:\build\output\Unity-Technologies\mono\mono\metadata\icall.c:1842:
Registering precompiled unity dll's ...
Register platform support module: D:/App/2023.2.10f1/Editor/Data/PlaybackEngines/WebGLSupport/UnityEditor.WebGL.Extensions.dll
Register platform support module: D:/App/2023.2.10f1/Editor/Data/PlaybackEngines/WindowsStandaloneSupport/UnityEditor.WindowsStandalone.Extensions.dll
Register platform support module: D:/App/2023.2.10f1/Editor/Data/PlaybackEngines/AndroidPlayer/UnityEditor.Android.Extensions.dll
Registered in 0.050840 seconds.
- Loaded All Assemblies, in  2.192 seconds
Native extension for Android target not found
Android Extension - Scanning For ADB Devices 336 ms
Native extension for WindowsStandalone target not found
Native extension for WebGL target not found
Mono: successfully reloaded assembly
C:\build\output\Unity-Technologies\mono\mono\metadata\icall.c:1842:
C:\build\output\Unity-Technologies\mono\mono\metadata\icall.c:1842:
- Finished resetting the current domain, in  1.012 seconds
Domain Reload Profiling: 3204ms
	BeginReloadAssembly (1523ms)
		ExecutionOrderSort (0ms)
		DisableScriptedObjects (0ms)
		BackupInstance (0ms)
		ReleaseScriptingObjects (0ms)
		CreateAndSetChildDomain (1ms)
	RebuildCommonClasses (104ms)
	RebuildNativeTypeToScriptingClass (47ms)
	initialDomainReloadingComplete (125ms)
	LoadAllAssembliesAndSetupDomain (392ms)
		LoadAssemblies (1523ms)
		RebuildTransferFunctionScriptingTraits (0ms)
		AnalyzeDomain (388ms)
			TypeCache.Refresh (387ms)
				TypeCache.ScanAssembly (343ms)
			BuildScriptInfoCaches (0ms)
			ResolveRequiredComponents (1ms)
	FinalizeReload (1012ms)
		ReleaseScriptCaches (0ms)
		RebuildScriptCaches (0ms)
		SetupLoadedEditorAssemblies (925ms)
			LogAssemblyErrors (0ms)
			InitializePlatformSupportModulesInManaged (553ms)
			SetLoadedEditorAssemblies (4ms)
			BeforeProcessingInitializeOnLoad (11ms)
			ProcessInitializeOnLoadAttributes (285ms)
			ProcessInitializeOnLoadMethodAttributes (72ms)
			AfterProcessingInitializeOnLoad (0ms)
			EditorAssembliesLoaded (0ms)
		ExecutionOrderSort2 (0ms)
		AwakeInstancesAfterBackupRestoration (0ms)
========================================================================
Worker process is ready to serve import requests
Import Worker Mode flag is 0x00
Begin MonoManager ReloadAssembly
C:\build\output\Unity-Technologies\mono\mono\metadata\icall.c:1842:
C:\build\output\Unity-Technologies\mono\mono\metadata\icall.c:1842:
C:\build\output\Unity-Technologies\mono\mono\metadata\icall.c:1842:
C:\build\output\Unity-Technologies\mono\mono\metadata\icall.c:1842:
C:\build\output\Unity-Technologies\mono\mono\metadata\icall.c:1842:
C:\build\output\Unity-Technologies\mono\mono\metadata\icall.c:1842:
C:\build\output\Unity-Technologies\mono\mono\metadata\icall.c:1842:
C:\build\output\Unity-Technologies\mono\mono\metadata\icall.c:1842:
C:\build\output\Unity-Technologies\mono\mono\metadata\icall.c:1842:
C:\build\output\Unity-Technologies\mono\mono\metadata\icall.c:1842:
C:\build\output\Unity-Technologies\mono\mono\metadata\icall.c:1842:
C:\build\output\Unity-Technologies\mono\mono\metadata\icall.c:1842:
Symbol file LoadedFromMemory doesn't match image C:\Learn\UnityLearn\My project\Library\PackageCache\com.unity.visualscripting@1.8.0\Editor\VisualScripting.Core\Dependencies\YamlDotNet\Unity.VisualScripting.YamlDotNet.dll
Symbol file LoadedFromMemory doesn't match image C:\Learn\UnityLearn\My project\Library\PackageCache\com.unity.visualscripting@1.8.0\Editor\VisualScripting.Core\Dependencies\DotNetZip\Unity.VisualScripting.IonicZip.dll
- Loaded All Assemblies, in  6.076 seconds
Refreshing native plugins compatible for Editor in 6.38 ms, found 3 plugins.
Native extension for Android target not found
Native extension for WindowsStandalone target not found
Native extension for WebGL target not found
Mono: successfully reloaded assembly
- Finished resetting the current domain, in  1.889 seconds
Domain Reload Profiling: 7961ms
	BeginReloadAssembly (2029ms)
		ExecutionOrderSort (0ms)
		DisableScriptedObjects (9ms)
		BackupInstance (0ms)
		ReleaseScriptingObjects (0ms)
		CreateAndSetChildDomain (56ms)
	RebuildCommonClasses (70ms)
	RebuildNativeTypeToScriptingClass (26ms)
	initialDomainReloadingComplete (76ms)
	LoadAllAssembliesAndSetupDomain (3870ms)
		LoadAssemblies (3436ms)
		RebuildTransferFunctionScriptingTraits (0ms)
		AnalyzeDomain (600ms)
			TypeCache.Refresh (507ms)
				TypeCache.ScanAssembly (429ms)
			BuildScriptInfoCaches (64ms)
			ResolveRequiredComponents (23ms)
	FinalizeReload (1890ms)
		ReleaseScriptCaches (0ms)
		RebuildScriptCaches (0ms)
		SetupLoadedEditorAssemblies (1155ms)
			LogAssemblyErrors (0ms)
			InitializePlatformSupportModulesInManaged (20ms)
			SetLoadedEditorAssemblies (3ms)
			BeforeProcessingInitializeOnLoad (89ms)
			ProcessInitializeOnLoadAttributes (983ms)
			ProcessInitializeOnLoadMethodAttributes (57ms)
			AfterProcessingInitializeOnLoad (2ms)
			EditorAssembliesLoaded (0ms)
		ExecutionOrderSort2 (0ms)
		AwakeInstancesAfterBackupRestoration (12ms)
Launched and connected shader compiler UnityShaderCompiler.exe after 0.11 seconds
Refreshing native plugins compatible for Editor in 1.51 ms, found 3 plugins.
Preloading 0 native plugins for Editor in 0.00 ms.
Unloading 172 Unused Serialized files (Serialized files now loaded: 0)
Unloading 5815 unused Assets / (7.6 MB). Loaded Objects now: 6470.
Memory consumption went from 183.0 MB to 175.3 MB.
Total: 15.960400 ms (FindLiveObjects: 1.048600 ms CreateObjectMapping: 1.256700 ms MarkObjects: 7.600900 ms  DeleteObjects: 6.052200 ms)

========================================================================
Received Import Request.
  Time since last request: 9763.970909 seconds.
  path: Assets/Ducvu/Level Scream Chicken/Image/icon_bookmark.asset
  artifactKey: Guid(3c8f50a6deb6e90489ce2528ec74b634) Importer(815301076,1909f56bfc062723c751e8b465ee728b)
Start importing Assets/Ducvu/Level Scream Chicken/Image/icon_bookmark.asset using Guid(3c8f50a6deb6e90489ce2528ec74b634) Importer(815301076,1909f56bfc062723c751e8b465ee728b) (PreviewImporter) -> (artifact id: '9531f02b1d8d3271f043f3b7b04a2f4c') in 0.537999 seconds
Number of updated asset objects reloaded before import = 0Number of asset objects unloaded after import = 2

========================================================================
Received Import Request.
  Time since last request: 0.000043 seconds.
  path: Assets/Ducvu/Level Scream Chicken/Image/btn_home.asset
  artifactKey: Guid(83a6685831f4df54eb0d585090f8015a) Importer(815301076,1909f56bfc062723c751e8b465ee728b)
Start importing Assets/Ducvu/Level Scream Chicken/Image/btn_home.asset using Guid(83a6685831f4df54eb0d585090f8015a) Importer(815301076,1909f56bfc062723c751e8b465ee728b) (PreviewImporter) -> (artifact id: '38c10ab75b86522d954d2c0ee138e5b1') in 0.0236051 seconds
Number of updated asset objects reloaded before import = 0Number of asset objects unloaded after import = 2

========================================================================
Received Import Request.
  Time since last request: 0.000033 seconds.
  path: Assets/Ducvu/Level Scream Chicken/Image/ConfettiShowerRainbow(Clone).prefab
  artifactKey: Guid(4a89191d3f5320d4d9dea385ee78adaf) Importer(815301076,1909f56bfc062723c751e8b465ee728b)
Start importing Assets/Ducvu/Level Scream Chicken/Image/ConfettiShowerRainbow(Clone).prefab using Guid(4a89191d3f5320d4d9dea385ee78adaf) Importer(815301076,1909f56bfc062723c751e8b465ee728b) (PreviewImporter) -> (artifact id: '0a4ea01d997e9ad54e8d61560a3e8ca7') in 0.6879423 seconds
Number of updated asset objects reloaded before import = 0Number of asset objects unloaded after import = 40

========================================================================
Received Import Request.
  Time since last request: 0.000053 seconds.
  path: Assets/Ducvu/Level Scream Chicken/Image/mushroom_big.asset
  artifactKey: Guid(84c56f73d5afea34cab2f6a2e8156c45) Importer(815301076,1909f56bfc062723c751e8b465ee728b)
Start importing Assets/Ducvu/Level Scream Chicken/Image/mushroom_big.asset using Guid(84c56f73d5afea34cab2f6a2e8156c45) Importer(815301076,1909f56bfc062723c751e8b465ee728b) (PreviewImporter) -> (artifact id: '7cd6bf3cb0a6c4f10b7db205c9346cd0') in 0.0169482 seconds
Number of updated asset objects reloaded before import = 0Number of asset objects unloaded after import = 2

========================================================================
Received Import Request.
  Time since last request: 0.000082 seconds.
  path: Assets/Ducvu/Level Scream Chicken/Image/Layer_2.asset
  artifactKey: Guid(5905cc9521f3a834da09a3432f2eb962) Importer(815301076,1909f56bfc062723c751e8b465ee728b)
Start importing Assets/Ducvu/Level Scream Chicken/Image/Layer_2.asset using Guid(5905cc9521f3a834da09a3432f2eb962) Importer(815301076,1909f56bfc062723c751e8b465ee728b) (PreviewImporter) -> (artifact id: 'a9c20a7d303c216261b880b5db33cf41') in 0.0167833 seconds
Number of updated asset objects reloaded before import = 0Number of asset objects unloaded after import = 2

========================================================================
Received Import Request.
  Time since last request: 0.000028 seconds.
  path: Assets/Ducvu/Level Scream Chicken/Image/btn_voice.png
  artifactKey: Guid(01b635279b9bb824580725e92eba2438) Importer(815301076,1909f56bfc062723c751e8b465ee728b)
Start importing Assets/Ducvu/Level Scream Chicken/Image/btn_voice.png using Guid(01b635279b9bb824580725e92eba2438) Importer(815301076,1909f56bfc062723c751e8b465ee728b) (PreviewImporter) -> (artifact id: 'a27366b5221cb07ce7423e15f05a00b5') in 0.1147172 seconds
Number of updated asset objects reloaded before import = 0Number of asset objects unloaded after import = 3

========================================================================
Received Import Request.
  Time since last request: 0.000035 seconds.
  path: Assets/Ducvu/Level Scream Chicken/Image/btn_tap.png
  artifactKey: Guid(90757adb17b5a4442a235cb323914596) Importer(815301076,1909f56bfc062723c751e8b465ee728b)
Start importing Assets/Ducvu/Level Scream Chicken/Image/btn_tap.png using Guid(90757adb17b5a4442a235cb323914596) Importer(815301076,1909f56bfc062723c751e8b465ee728b) (PreviewImporter) -> (artifact id: '8e5a4908de66b7eb855b3844eef6273e') in 0.0514482 seconds
Number of updated asset objects reloaded before import = 0Number of asset objects unloaded after import = 3

========================================================================
Received Import Request.
  Time since last request: 0.000039 seconds.
  path: Assets/Ducvu/Level Scream Chicken/Image/choose_chicken.asset
  artifactKey: Guid(f1a5e5a0bc50233409e100a3662c2c1a) Importer(815301076,1909f56bfc062723c751e8b465ee728b)
Start importing Assets/Ducvu/Level Scream Chicken/Image/choose_chicken.asset using Guid(f1a5e5a0bc50233409e100a3662c2c1a) Importer(815301076,1909f56bfc062723c751e8b465ee728b) (PreviewImporter) -> (artifact id: '78e26efbbd1078ed13e6041870fba16e') in 0.0339739 seconds
Number of updated asset objects reloaded before import = 0Number of asset objects unloaded after import = 2

========================================================================
Received Import Request.
  Time since last request: 0.000052 seconds.
  path: Assets/Ducvu/Level Scream Chicken
  artifactKey: Guid(502084376351e8344aa9251061d7822f) Importer(815301076,1909f56bfc062723c751e8b465ee728b)
Start importing Assets/Ducvu/Level Scream Chicken using Guid(502084376351e8344aa9251061d7822f) Importer(815301076,1909f56bfc062723c751e8b465ee728b) (PreviewImporter) -> (artifact id: 'b9a8a78427f75c75cad9597a843ebb7a') in 0.0012154 seconds
Number of updated asset objects reloaded before import = 0Number of asset objects unloaded after import = 0

========================================================================
Received Import Request.
  Time since last request: 1.286924 seconds.
  path: Assets/Ducvu/Level Scream Chicken/Image/mushroom_small.asset
  artifactKey: Guid(0d3cdedc087f27d49b1905f171521532) Importer(815301076,1909f56bfc062723c751e8b465ee728b)
Start importing Assets/Ducvu/Level Scream Chicken/Image/mushroom_small.asset using Guid(0d3cdedc087f27d49b1905f171521532) Importer(815301076,1909f56bfc062723c751e8b465ee728b) (PreviewImporter) -> (artifact id: '1d82a7bb8538ab58dac0c00bc4914d96') in 0.0144775 seconds
Number of updated asset objects reloaded before import = 0Number of asset objects unloaded after import = 2

========================================================================
Received Import Request.
  Time since last request: 0.000035 seconds.
  path: Assets/Ducvu/Level Scream Chicken/Image/saw.asset
  artifactKey: Guid(adcbd2ace860db74b873accc90579062) Importer(815301076,1909f56bfc062723c751e8b465ee728b)
Start importing Assets/Ducvu/Level Scream Chicken/Image/saw.asset using Guid(adcbd2ace860db74b873accc90579062) Importer(815301076,1909f56bfc062723c751e8b465ee728b) (PreviewImporter) -> (artifact id: 'ea73ad2c7a1b3c8cec661d687abc91ca') in 0.0189331 seconds
Number of updated asset objects reloaded before import = 0Number of asset objects unloaded after import = 2

========================================================================
Received Import Request.
  Time since last request: 0.000036 seconds.
  path: Assets/Ducvu/Level Scream Chicken/Image/spike.asset
  artifactKey: Guid(4e2a29ddcb529d14ead328d6858d7bbc) Importer(815301076,1909f56bfc062723c751e8b465ee728b)
Start importing Assets/Ducvu/Level Scream Chicken/Image/spike.asset using Guid(4e2a29ddcb529d14ead328d6858d7bbc) Importer(815301076,1909f56bfc062723c751e8b465ee728b) (PreviewImporter) -> (artifact id: '09d346ee56bbd55a901ec700b1f7428b') in 0.0177104 seconds
Number of updated asset objects reloaded before import = 0Number of asset objects unloaded after import = 2

========================================================================
Received Import Request.
  Time since last request: 0.282133 seconds.
  path: Assets/Ducvu/Level Scream Chicken/Image/txt_chịcken.asset
  artifactKey: Guid(97aee57f22b13174988a8ef1edad542b) Importer(815301076,1909f56bfc062723c751e8b465ee728b)
Start importing Assets/Ducvu/Level Scream Chicken/Image/txt_chịcken.asset using Guid(97aee57f22b13174988a8ef1edad542b) Importer(815301076,1909f56bfc062723c751e8b465ee728b) (PreviewImporter) -> (artifact id: '62e168c9ec26eb2afb87096108d7810b') in 0.0176869 seconds
Number of updated asset objects reloaded before import = 0Number of asset objects unloaded after import = 2

========================================================================
Received Import Request.
  Time since last request: 0.000029 seconds.
  path: Assets/Ducvu/Level Scream Chicken/Image/warning.asset
  artifactKey: Guid(cc00c89532dff514b8eda24e348afeec) Importer(815301076,1909f56bfc062723c751e8b465ee728b)
Start importing Assets/Ducvu/Level Scream Chicken/Image/warning.asset using Guid(cc00c89532dff514b8eda24e348afeec) Importer(815301076,1909f56bfc062723c751e8b465ee728b) (PreviewImporter) -> (artifact id: '1fe888c09aa4d05e252916dfecfb1792') in 0.0143377 seconds
Number of updated asset objects reloaded before import = 0Number of asset objects unloaded after import = 2

========================================================================
Received Import Request.
  Time since last request: 0.000028 seconds.
  path: Assets/Ducvu/Level Scream Chicken/Image/water_2.asset
  artifactKey: Guid(7dcf8081a46eaa749900731e16afd77d) Importer(815301076,1909f56bfc062723c751e8b465ee728b)
Start importing Assets/Ducvu/Level Scream Chicken/Image/water_2.asset using Guid(7dcf8081a46eaa749900731e16afd77d) Importer(815301076,1909f56bfc062723c751e8b465ee728b) (PreviewImporter) -> (artifact id: 'eb243c61bb11a7fa91ffa68d4fa395c2') in 0.0078374 seconds
Number of updated asset objects reloaded before import = 0Number of asset objects unloaded after import = 2

========================================================================
Received Import Request.
  Time since last request: 0.001374 seconds.
  path: Assets/Ducvu/Level Scream Chicken/Image/water_3.asset
  artifactKey: Guid(4ab4555e88a577548ad0f05cda536c67) Importer(815301076,1909f56bfc062723c751e8b465ee728b)
Start importing Assets/Ducvu/Level Scream Chicken/Image/water_3.asset using Guid(4ab4555e88a577548ad0f05cda536c67) Importer(815301076,1909f56bfc062723c751e8b465ee728b) (PreviewImporter) -> (artifact id: '5f6dd6772fcf657a58b24d9c2f9b3ae3') in 0.006865 seconds
Number of updated asset objects reloaded before import = 0Number of asset objects unloaded after import = 2

